2018-02-18T17:53:32+00:00 CRITICAL Uncaught Error: Call to a member function get() on null in /home/newco9fx/public_html/arunelectrical.com/wp-content/plugins/woocommerce-gateway-paypal-express-checkout/includes/class-wc-gateway-ppec-checkout-handler.php:704
Stack trace:
#0 /home/newco9fx/public_html/arunelectrical.com/wp-content/plugins/woocommerce-gateway-paypal-express-checkout/includes/abstracts/abstract-wc-gateway-ppec.php(63): WC_Gateway_PPEC_Checkout_Handler->is_started_from_checkout_page()
#1 /home/newco9fx/public_html/arunelectrical.com/wp-content/plugins/woocommerce-gateway-paypal-express-checkout/includes/class-wc-gateway-ppec-with-paypal.php(12): WC_Gateway_PPEC->__construct()
#2 /home/newco9fx/public_html/arunelectrical.com/wp-content/plugins/woocommerce/includes/class-wc-payment-gateways.php(105): WC_Gateway_PPEC_With_PayPal->__construct()
#3 /home/newco9fx/public_html/arunelectrical.com/wp-content/plugins/woocommerce/includes/class-wc-payment-gateways.php(67): WC_Payment_Gateways->init()
#4 /home/newco9fx/public_html/arunelectri

2018-02-25T19:03:13+00:00 CRITICAL Uncaught Error: Call to a member function get() on null in /home/newco9fx/public_html/arunelectrical.com/wp-content/plugins/woocommerce-gateway-paypal-express-checkout/includes/class-wc-gateway-ppec-checkout-handler.php:704
Stack trace:
#0 /home/newco9fx/public_html/arunelectrical.com/wp-content/plugins/woocommerce-gateway-paypal-express-checkout/includes/abstracts/abstract-wc-gateway-ppec.php(63): WC_Gateway_PPEC_Checkout_Handler->is_started_from_checkout_page()
#1 /home/newco9fx/public_html/arunelectrical.com/wp-content/plugins/woocommerce-gateway-paypal-express-checkout/includes/class-wc-gateway-ppec-with-paypal.php(12): WC_Gateway_PPEC->__construct()
#2 /home/newco9fx/public_html/arunelectrical.com/wp-content/plugins/woocommerce/includes/class-wc-payment-gateways.php(105): WC_Gateway_PPEC_With_PayPal->__construct()
#3 /home/newco9fx/public_html/arunelectrical.com/wp-content/plugins/woocommerce/includes/class-wc-payment-gateways.php(67): WC_Payment_Gateways->init()
#4 /home/newco9fx/public_html/arunelectri

2018-03-04T20:36:34+00:00 CRITICAL Uncaught Error: Call to a member function get() on null in /home/newco9fx/public_html/arunelectrical.com/wp-content/plugins/woocommerce-gateway-paypal-express-checkout/includes/class-wc-gateway-ppec-checkout-handler.php:704
Stack trace:
#0 /home/newco9fx/public_html/arunelectrical.com/wp-content/plugins/woocommerce-gateway-paypal-express-checkout/includes/abstracts/abstract-wc-gateway-ppec.php(63): WC_Gateway_PPEC_Checkout_Handler->is_started_from_checkout_page()
#1 /home/newco9fx/public_html/arunelectrical.com/wp-content/plugins/woocommerce-gateway-paypal-express-checkout/includes/class-wc-gateway-ppec-with-paypal.php(12): WC_Gateway_PPEC->__construct()
#2 /home/newco9fx/public_html/arunelectrical.com/wp-content/plugins/woocommerce/includes/class-wc-payment-gateways.php(105): WC_Gateway_PPEC_With_PayPal->__construct()
#3 /home/newco9fx/public_html/arunelectrical.com/wp-content/plugins/woocommerce/includes/class-wc-payment-gateways.php(67): WC_Payment_Gateways->init()
#4 /home/newco9fx/public_html/arunelectri

